[0m11:44:05.383111 [debug] [MainThread]: Sending event: {'category': 'dbt', 'action': 'invocation', 'label': 'start', 'context': [<snowplow_tracker.self_describing_json.SelfDescribingJson object at 0x0000012D56C30990>, <snowplow_tracker.self_describing_json.SelfDescribingJson object at 0x0000012D56BD1790>, <snowplow_tracker.self_describing_json.SelfDescribingJson object at 0x0000012D56C19750>]}


============================== 11:44:05.395851 | cd347034-6fbf-4669-8661-0801502b93fa ==============================
[0m11:44:05.395851 [info ] [MainThread]: Running with dbt=1.8.9
[0m11:44:05.398855 [debug] [MainThread]: running dbt with arguments {'printer_width': '80', 'indirect_selection': 'eager', 'write_json': 'True', 'log_cache_events': 'False', 'partial_parse': 'True', 'cache_selected_only': 'False', 'profiles_dir': 'C:\\Users\\charl\\.dbt', 'version_check': 'True', 'warn_error': 'None', 'log_path': 'logs', 'fail_fast': 'False', 'debug': 'False', 'use_colors': 'True', 'use_experimental_parser': 'False', 'empty': 'None', 'quiet': 'False', 'no_print': 'None', 'log_format': 'default', 'invocation_command': 'dbt init', 'introspect': 'True', 'warn_error_options': 'WarnErrorOptions(include=[], exclude=[])', 'target_path': 'None', 'static_parser': 'True', 'send_anonymous_usage_stats': 'True'}
[0m11:44:20.185700 [debug] [MainThread]: Starter project path: c:\Users\charl\dbt_airflow\.venv\Lib\site-packages\dbt\include\starter_project
[0m11:44:20.425637 [info ] [MainThread]: 
Your new dbt project "cosmosproject" was created!

For more information on how to configure the profiles.yml file,
please consult the dbt documentation here:

  https://docs.getdbt.com/docs/configure-your-profile

One more thing:

Need help? Don't hesitate to reach out to us via GitHub issues or on Slack:

  https://community.getdbt.com/

Happy modeling!

[0m11:44:20.428637 [info ] [MainThread]: Setting up your profile.
[0m11:49:49.303932 [info ] [MainThread]: Profile cosmosproject written to C:\Users\charl\.dbt\profiles.yml using target's profile_template.yml and your supplied values. Run 'dbt debug' to validate the connection.
[0m11:49:49.444848 [debug] [MainThread]: Command `dbt init` succeeded at 11:49:49.432421 after 344.20 seconds
[0m11:49:49.470087 [debug] [MainThread]: Sending event: {'category': 'dbt', 'action': 'invocation', 'label': 'end', 'context': [<snowplow_tracker.self_describing_json.SelfDescribingJson object at 0x0000012D50969610>, <snowplow_tracker.self_describing_json.SelfDescribingJson object at 0x0000012D568A1990>, <snowplow_tracker.self_describing_json.SelfDescribingJson object at 0x0000012D571E26D0>]}
[0m11:49:49.490590 [debug] [MainThread]: Flushing usage events
[0m12:00:30.320372 [debug] [MainThread]: Sending event: {'category': 'dbt', 'action': 'invocation', 'label': 'start', 'context': [<snowplow_tracker.self_describing_json.SelfDescribingJson object at 0x000002582A714790>, <snowplow_tracker.self_describing_json.SelfDescribingJson object at 0x000002582A7154D0>, <snowplow_tracker.self_describing_json.SelfDescribingJson object at 0x000002582A701790>]}


============================== 12:00:30.332705 | 64ebbd4a-670d-4f7a-b94e-edef0075cc9a ==============================
[0m12:00:30.332705 [info ] [MainThread]: Running with dbt=1.8.9
[0m12:00:30.334720 [debug] [MainThread]: running dbt with arguments {'printer_width': '80', 'indirect_selection': 'eager', 'write_json': 'True', 'log_cache_events': 'False', 'partial_parse': 'True', 'cache_selected_only': 'False', 'profiles_dir': 'C:\\Users\\charl\\.dbt', 'fail_fast': 'False', 'debug': 'False', 'log_path': 'logs', 'version_check': 'True', 'warn_error': 'None', 'use_colors': 'True', 'use_experimental_parser': 'False', 'no_print': 'None', 'quiet': 'False', 'empty': 'None', 'warn_error_options': 'WarnErrorOptions(include=[], exclude=[])', 'introspect': 'True', 'static_parser': 'True', 'invocation_command': 'dbt deps', 'target_path': 'None', 'log_format': 'default', 'send_anonymous_usage_stats': 'True'}
[0m12:00:30.335723 [error] [MainThread]: Encountered an error:
Runtime Error
  No dbt_project.yml found at expected path C:\Users\charl\dbt_airflow\dbt\dbt_project.yml
  Verify that each entry within packages.yml (and their transitive dependencies) contains a file named dbt_project.yml
  
[0m12:00:30.340008 [debug] [MainThread]: Command `dbt deps` failed at 12:00:30.340008 after 0.20 seconds
[0m12:00:30.341006 [debug] [MainThread]: Sending event: {'category': 'dbt', 'action': 'invocation', 'label': 'end', 'context': [<snowplow_tracker.self_describing_json.SelfDescribingJson object at 0x000002582A716910>, <snowplow_tracker.self_describing_json.SelfDescribingJson object at 0x000002582A7347D0>, <snowplow_tracker.self_describing_json.SelfDescribingJson object at 0x000002582A7377D0>]}
[0m12:00:30.343019 [debug] [MainThread]: Flushing usage events
